2024-07-07 23:47:52,541 - INFO - Starting epoch 1/10
2024-07-07 23:47:55,568 - INFO - Epoch [1/10], Step [10/20], Loss: 15.1908
2024-07-07 23:47:58,566 - INFO - Epoch [1/10], Step [20/20], Loss: 7.6700
2024-07-07 23:47:58,566 - INFO - Epoch [1/10] completed. Avg Train Loss: 20.8855
2024-07-07 23:47:59,796 - INFO - Test Loss: 5.1965, Accuracy: 44.38%
2024-07-07 23:47:59,796 - INFO - Starting epoch 2/10
2024-07-07 23:48:02,736 - INFO - Epoch [2/10], Step [10/20], Loss: 2.9559
2024-07-07 23:48:05,649 - INFO - Epoch [2/10], Step [20/20], Loss: 2.5511
2024-07-07 23:48:05,649 - INFO - Epoch [2/10] completed. Avg Train Loss: 4.1615
2024-07-07 23:48:06,701 - INFO - Test Loss: 2.5024, Accuracy: 65.62%
2024-07-07 23:48:06,701 - INFO - Starting epoch 3/10
2024-07-07 23:48:09,585 - INFO - Epoch [3/10], Step [10/20], Loss: 2.3163
2024-07-07 23:48:12,459 - INFO - Epoch [3/10], Step [20/20], Loss: 1.9945
2024-07-07 23:48:12,459 - INFO - Epoch [3/10] completed. Avg Train Loss: 1.5352
2024-07-07 23:48:13,531 - INFO - Test Loss: 2.0768, Accuracy: 63.12%
2024-07-07 23:48:13,531 - INFO - Starting epoch 4/10
2024-07-07 23:48:16,384 - INFO - Epoch [4/10], Step [10/20], Loss: 1.9384
2024-07-07 23:48:19,258 - INFO - Epoch [4/10], Step [20/20], Loss: 1.2194
2024-07-07 23:48:19,258 - INFO - Epoch [4/10] completed. Avg Train Loss: 1.0724
2024-07-07 23:48:20,311 - INFO - Test Loss: 2.0293, Accuracy: 68.75%
2024-07-07 23:48:20,311 - INFO - Starting epoch 5/10
2024-07-07 23:48:23,196 - INFO - Epoch [5/10], Step [10/20], Loss: 0.7452
2024-07-07 23:48:26,059 - INFO - Epoch [5/10], Step [20/20], Loss: 0.2356
2024-07-07 23:48:26,059 - INFO - Epoch [5/10] completed. Avg Train Loss: 0.6917
2024-07-07 23:48:27,108 - INFO - Test Loss: 1.4184, Accuracy: 75.00%
2024-07-07 23:48:27,108 - INFO - Starting epoch 6/10
2024-07-07 23:48:29,976 - INFO - Epoch [6/10], Step [10/20], Loss: 0.8371
2024-07-07 23:48:32,811 - INFO - Epoch [6/10], Step [20/20], Loss: 1.5764
2024-07-07 23:48:32,811 - INFO - Epoch [6/10] completed. Avg Train Loss: 0.7646
2024-07-07 23:48:33,881 - INFO - Test Loss: 2.6491, Accuracy: 69.38%
2024-07-07 23:48:33,881 - INFO - Starting epoch 7/10
2024-07-07 23:48:36,735 - INFO - Epoch [7/10], Step [10/20], Loss: 0.2599
2024-07-07 23:48:39,610 - INFO - Epoch [7/10], Step [20/20], Loss: 0.3533
2024-07-07 23:48:39,610 - INFO - Epoch [7/10] completed. Avg Train Loss: 0.5857
2024-07-07 23:48:40,701 - INFO - Test Loss: 1.2398, Accuracy: 80.62%
2024-07-07 23:48:40,701 - INFO - Starting epoch 8/10
2024-07-07 23:48:43,592 - INFO - Epoch [8/10], Step [10/20], Loss: 0.2029
2024-07-07 23:48:46,477 - INFO - Epoch [8/10], Step [20/20], Loss: 0.1593
2024-07-07 23:48:46,477 - INFO - Epoch [8/10] completed. Avg Train Loss: 0.3653
2024-07-07 23:48:47,524 - INFO - Test Loss: 1.2509, Accuracy: 75.62%
2024-07-07 23:48:47,524 - INFO - Starting epoch 9/10
2024-07-07 23:48:50,413 - INFO - Epoch [9/10], Step [10/20], Loss: 0.2029
2024-07-07 23:48:53,247 - INFO - Epoch [9/10], Step [20/20], Loss: 0.4613
2024-07-07 23:48:53,247 - INFO - Epoch [9/10] completed. Avg Train Loss: 0.2981
2024-07-07 23:48:54,295 - INFO - Test Loss: 1.3792, Accuracy: 78.75%
2024-07-07 23:48:54,295 - INFO - Starting epoch 10/10
2024-07-07 23:48:57,210 - INFO - Epoch [10/10], Step [10/20], Loss: 0.6121
2024-07-07 23:49:00,096 - INFO - Epoch [10/10], Step [20/20], Loss: 0.1986
2024-07-07 23:49:00,096 - INFO - Epoch [10/10] completed. Avg Train Loss: 0.2089
2024-07-07 23:49:01,149 - INFO - Test Loss: 1.1957, Accuracy: 77.50%
2024-07-07 23:49:02,448 - INFO - Model saved to cnn_model.pth
2024-07-08 00:05:34,021 - INFO - Starting epoch 1/10
2024-07-08 00:05:57,742 - INFO - Epoch [1/10] completed. Avg Train Loss: 8.6428
2024-07-08 00:06:02,078 - INFO - Test Loss: 1.8665, Accuracy: 41.88%
2024-07-08 00:06:02,078 - INFO - Starting epoch 2/10
2024-07-08 00:06:25,457 - INFO - Epoch [2/10] completed. Avg Train Loss: 1.8171
2024-07-08 00:06:29,808 - INFO - Test Loss: 1.5841, Accuracy: 47.03%
2024-07-08 00:06:29,809 - INFO - Starting epoch 3/10
2024-07-08 00:06:53,218 - INFO - Epoch [3/10] completed. Avg Train Loss: 1.3724
2024-07-08 00:06:57,505 - INFO - Test Loss: 1.4361, Accuracy: 57.50%
2024-07-08 00:06:57,505 - INFO - Starting epoch 4/10
2024-07-08 00:07:20,827 - INFO - Epoch [4/10] completed. Avg Train Loss: 1.0759
2024-07-08 00:07:25,240 - INFO - Test Loss: 1.0099, Accuracy: 67.97%
2024-07-08 00:07:25,240 - INFO - Starting epoch 5/10
2024-07-08 00:07:49,282 - INFO - Epoch [5/10] completed. Avg Train Loss: 0.8985
2024-07-08 00:07:54,123 - INFO - Test Loss: 1.1101, Accuracy: 65.00%
2024-07-08 00:07:54,123 - INFO - Starting epoch 6/10
2024-07-08 00:08:19,346 - INFO - Epoch [6/10] completed. Avg Train Loss: 0.8671
2024-07-08 00:08:23,996 - INFO - Test Loss: 0.9537, Accuracy: 68.75%
2024-07-08 00:08:23,996 - INFO - Starting epoch 7/10
2024-07-08 00:08:49,681 - INFO - Epoch [7/10] completed. Avg Train Loss: 0.5461
2024-07-08 00:08:54,646 - INFO - Test Loss: 0.5510, Accuracy: 81.72%
2024-07-08 00:08:54,647 - INFO - Starting epoch 8/10
2024-07-08 00:09:18,732 - INFO - Epoch [8/10] completed. Avg Train Loss: 0.4113
2024-07-08 00:09:23,156 - INFO - Test Loss: 0.7132, Accuracy: 76.09%
2024-07-08 00:09:23,156 - INFO - Starting epoch 9/10
2024-07-08 00:09:47,036 - INFO - Epoch [9/10] completed. Avg Train Loss: 0.2921
2024-07-08 00:09:51,473 - INFO - Test Loss: 0.4692, Accuracy: 84.53%
2024-07-08 00:09:51,473 - INFO - Starting epoch 10/10
2024-07-08 00:10:15,289 - INFO - Epoch [10/10] completed. Avg Train Loss: 0.2749
2024-07-08 00:10:19,608 - INFO - Test Loss: 0.5181, Accuracy: 83.59%
2024-07-08 00:10:20,099 - INFO - Model saved to 0407080005.pth
2024-07-08 00:26:34,096 - INFO - Starting epoch 1/80
2024-07-08 00:26:45,155 - INFO - Epoch [1/80] completed. Avg Train Loss: 15.1986
2024-07-08 00:26:53,761 - INFO - Test Loss: 16.9601, Accuracy: 19.38%
2024-07-08 00:26:53,761 - INFO - Starting epoch 2/80
2024-07-08 00:27:00,940 - INFO - Epoch [2/80] completed. Avg Train Loss: 2.4378
2024-07-08 00:27:06,248 - INFO - Test Loss: 13.9175, Accuracy: 17.50%
2024-07-08 00:27:06,248 - INFO - Starting epoch 3/80
2024-07-08 00:27:13,531 - INFO - Epoch [3/80] completed. Avg Train Loss: 1.1396
2024-07-08 00:27:18,829 - INFO - Test Loss: 14.3384, Accuracy: 14.50%
2024-07-08 00:27:18,829 - INFO - Starting epoch 4/80
2024-07-08 00:27:26,085 - INFO - Epoch [4/80] completed. Avg Train Loss: 0.7302
2024-07-08 00:27:31,448 - INFO - Test Loss: 14.5710, Accuracy: 18.62%
2024-07-08 00:27:31,448 - INFO - Starting epoch 5/80
2024-07-08 00:27:39,050 - INFO - Epoch [5/80] completed. Avg Train Loss: 0.4587
2024-07-08 00:27:44,778 - INFO - Test Loss: 13.7480, Accuracy: 15.25%
2024-07-08 00:27:44,778 - INFO - Starting epoch 6/80
2024-07-08 00:27:52,702 - INFO - Epoch [6/80] completed. Avg Train Loss: 0.4458
2024-07-08 00:27:58,525 - INFO - Test Loss: 15.9884, Accuracy: 18.75%
2024-07-08 00:27:58,525 - INFO - Starting epoch 7/80
2024-07-08 00:28:06,089 - INFO - Epoch [7/80] completed. Avg Train Loss: 0.4646
2024-07-08 00:28:12,043 - INFO - Test Loss: 16.4551, Accuracy: 18.25%
2024-07-08 00:28:12,043 - INFO - Starting epoch 8/80
2024-07-08 00:28:19,590 - INFO - Epoch [8/80] completed. Avg Train Loss: 0.3445
2024-07-08 00:28:25,239 - INFO - Test Loss: 15.2495, Accuracy: 17.38%
2024-07-08 00:28:25,239 - INFO - Starting epoch 9/80
2024-07-08 00:28:33,276 - INFO - Epoch [9/80] completed. Avg Train Loss: 0.2716
2024-07-08 00:28:38,772 - INFO - Test Loss: 13.6797, Accuracy: 17.00%
2024-07-08 00:28:38,772 - INFO - Starting epoch 10/80
2024-07-08 00:29:07,555 - INFO - Starting epoch 1/10
2024-07-08 00:29:14,833 - INFO - Epoch [1/10] completed. Avg Train Loss: 16.1380
2024-07-08 00:29:20,182 - INFO - Test Loss: 17.7943, Accuracy: 18.38%
2024-07-08 00:29:20,182 - INFO - Starting epoch 2/10
2024-07-08 00:29:27,362 - INFO - Epoch [2/10] completed. Avg Train Loss: 2.6180
2024-07-08 00:29:32,690 - INFO - Test Loss: 13.4032, Accuracy: 14.75%
2024-07-08 00:29:32,690 - INFO - Starting epoch 3/10
2024-07-08 00:29:39,999 - INFO - Epoch [3/10] completed. Avg Train Loss: 1.0028
2024-07-08 00:29:45,366 - INFO - Test Loss: 11.7668, Accuracy: 22.12%
2024-07-08 00:29:45,366 - INFO - Starting epoch 4/10
2024-07-08 00:29:52,618 - INFO - Epoch [4/10] completed. Avg Train Loss: 0.7692
2024-07-08 00:29:57,994 - INFO - Test Loss: 13.3562, Accuracy: 12.88%
2024-07-08 00:29:57,994 - INFO - Starting epoch 5/10
2024-07-08 00:30:05,262 - INFO - Epoch [5/10] completed. Avg Train Loss: 0.5138
2024-07-08 00:30:10,614 - INFO - Test Loss: 15.2473, Accuracy: 14.25%
2024-07-08 00:30:10,614 - INFO - Starting epoch 6/10
2024-07-08 00:30:17,865 - INFO - Epoch [6/10] completed. Avg Train Loss: 0.4842
2024-07-08 00:30:23,229 - INFO - Test Loss: 17.0043, Accuracy: 16.12%
2024-07-08 00:30:23,229 - INFO - Starting epoch 7/10
2024-07-08 00:30:30,488 - INFO - Epoch [7/10] completed. Avg Train Loss: 0.6315
2024-07-08 00:30:35,869 - INFO - Test Loss: 17.8114, Accuracy: 12.38%
2024-07-08 00:30:35,869 - INFO - Starting epoch 8/10
2024-07-08 00:30:43,172 - INFO - Epoch [8/10] completed. Avg Train Loss: 0.7241
2024-07-08 00:30:48,488 - INFO - Test Loss: 15.5438, Accuracy: 14.50%
2024-07-08 00:30:48,488 - INFO - Starting epoch 9/10
2024-07-08 00:30:55,716 - INFO - Epoch [9/10] completed. Avg Train Loss: 0.3303
2024-07-08 00:31:01,124 - INFO - Test Loss: 15.9144, Accuracy: 13.62%
2024-07-08 00:31:01,124 - INFO - Starting epoch 10/10
2024-07-08 00:31:08,341 - INFO - Epoch [10/10] completed. Avg Train Loss: 0.2606
2024-07-08 00:31:13,759 - INFO - Test Loss: 20.1314, Accuracy: 14.88%
2024-07-08 00:31:14,230 - INFO - Model saved to cnn_model.pth
2024-07-08 00:34:54,282 - INFO - Starting epoch 1/100
2024-07-08 00:35:02,505 - INFO - Epoch [1/100] completed. Avg Train Loss: 15.8499
2024-07-08 00:35:08,145 - INFO - Test Loss: 19.2539, Accuracy: 14.75%
2024-07-08 00:35:08,146 - INFO - Starting epoch 2/100
2024-07-08 00:35:15,537 - INFO - Epoch [2/100] completed. Avg Train Loss: 3.0617
2024-07-08 00:35:21,177 - INFO - Test Loss: 15.9466, Accuracy: 17.88%
2024-07-08 00:35:21,177 - INFO - Starting epoch 3/100
2024-07-08 00:35:28,550 - INFO - Epoch [3/100] completed. Avg Train Loss: 1.3638
2024-07-08 00:35:34,093 - INFO - Test Loss: 12.9384, Accuracy: 16.88%
2024-07-08 00:35:34,093 - INFO - Starting epoch 4/100
2024-07-08 00:35:41,618 - INFO - Epoch [4/100] completed. Avg Train Loss: 1.2263
2024-07-08 00:35:47,121 - INFO - Test Loss: 13.9373, Accuracy: 15.75%
2024-07-08 00:35:47,122 - INFO - Starting epoch 5/100
2024-07-08 00:35:54,714 - INFO - Epoch [5/100] completed. Avg Train Loss: 0.8132
2024-07-08 00:36:00,660 - INFO - Test Loss: 14.4682, Accuracy: 15.75%
2024-07-08 00:36:00,660 - INFO - Starting epoch 6/100
2024-07-08 00:36:08,354 - INFO - Epoch [6/100] completed. Avg Train Loss: 0.6075
2024-07-08 00:36:14,087 - INFO - Test Loss: 14.2420, Accuracy: 16.62%
2024-07-08 00:36:14,087 - INFO - Starting epoch 7/100
2024-07-08 00:36:21,590 - INFO - Epoch [7/100] completed. Avg Train Loss: 0.6700
2024-07-08 00:36:27,092 - INFO - Test Loss: 14.9228, Accuracy: 13.62%
2024-07-08 00:36:27,092 - INFO - Starting epoch 8/100
2024-07-08 00:36:34,565 - INFO - Epoch [8/100] completed. Avg Train Loss: 0.5138
2024-07-08 00:36:40,443 - INFO - Test Loss: 15.1941, Accuracy: 15.25%
2024-07-08 00:36:40,443 - INFO - Starting epoch 9/100
2024-07-08 00:36:48,614 - INFO - Epoch [9/100] completed. Avg Train Loss: 0.4465
2024-07-08 00:36:54,614 - INFO - Test Loss: 12.7568, Accuracy: 16.75%
2024-07-08 00:36:54,614 - INFO - Starting epoch 10/100
2024-07-08 00:37:02,177 - INFO - Epoch [10/100] completed. Avg Train Loss: 0.7683
2024-07-08 00:37:08,321 - INFO - Test Loss: 17.0176, Accuracy: 14.50%
2024-07-08 00:37:08,321 - INFO - Starting epoch 11/100
2024-07-08 00:37:16,835 - INFO - Epoch [11/100] completed. Avg Train Loss: 0.5024
2024-07-08 00:37:23,484 - INFO - Test Loss: 17.0933, Accuracy: 12.62%
2024-07-08 00:37:23,484 - INFO - Starting epoch 12/100
2024-07-08 00:37:32,476 - INFO - Epoch [12/100] completed. Avg Train Loss: 0.3198
2024-07-08 00:37:39,218 - INFO - Test Loss: 17.3482, Accuracy: 16.75%
2024-07-08 00:37:39,218 - INFO - Starting epoch 13/100
2024-07-08 00:37:48,067 - INFO - Epoch [13/100] completed. Avg Train Loss: 0.2057
2024-07-08 00:37:54,456 - INFO - Test Loss: 16.7803, Accuracy: 13.88%
2024-07-08 00:37:54,456 - INFO - Starting epoch 14/100
2024-07-08 00:39:49,574 - INFO - Starting epoch 1/100
2024-07-08 00:42:11,356 - INFO - Starting epoch 1/100
2024-07-08 00:44:04,855 - Starting epoch 1/100
2024-07-08 00:44:08,785 - Epoch [1/100], Step [10/75], Loss: 22.1248
2024-07-08 00:44:12,659 - Epoch [1/100], Step [20/75], Loss: 17.3411
2024-07-08 00:44:16,663 - Epoch [1/100], Step [30/75], Loss: 10.7831
2024-07-08 00:44:20,734 - Epoch [1/100], Step [40/75], Loss: 7.0346
2024-07-08 00:44:24,896 - Epoch [1/100], Step [50/75], Loss: 9.1968
2024-07-08 00:44:28,724 - Epoch [1/100], Step [60/75], Loss: 3.1256
2024-07-08 00:44:32,851 - Epoch [1/100], Step [70/75], Loss: 2.8384
2024-07-08 00:44:34,876 - Epoch [1/100] completed. Avg Train Loss: 10.3304
2024-07-08 00:44:40,872 - Test Loss: 4.4573, Test Accuracy: 35.75%
2024-07-08 00:44:40,872 - Starting epoch 2/100
2024-07-08 00:44:43,945 - Epoch [2/100], Step [10/75], Loss: 2.4329
2024-07-08 00:44:47,052 - Epoch [2/100], Step [20/75], Loss: 2.6201
2024-07-08 00:44:50,078 - Epoch [2/100], Step [30/75], Loss: 4.3883
2024-07-08 00:44:53,186 - Epoch [2/100], Step [40/75], Loss: 1.6521
2024-07-08 00:44:56,625 - Epoch [2/100], Step [50/75], Loss: 2.2379
2024-07-08 00:44:59,989 - Epoch [2/100], Step [60/75], Loss: 2.3730
2024-07-08 00:45:03,240 - Epoch [2/100], Step [70/75], Loss: 3.4489
2024-07-08 00:45:04,927 - Epoch [2/100] completed. Avg Train Loss: 2.9428
2024-07-08 00:45:11,095 - Test Loss: 5.1609, Test Accuracy: 32.25%
2024-07-08 00:45:11,095 - Starting epoch 3/100
2024-07-08 00:45:14,338 - Epoch [3/100], Step [10/75], Loss: 3.2942
2024-07-08 00:45:17,513 - Epoch [3/100], Step [20/75], Loss: 3.0968
2024-07-08 00:45:20,666 - Epoch [3/100], Step [30/75], Loss: 1.6614
2024-07-08 00:45:23,824 - Epoch [3/100], Step [40/75], Loss: 2.8874
2024-07-08 00:45:26,984 - Epoch [3/100], Step [50/75], Loss: 2.6698
2024-07-08 00:45:30,183 - Epoch [3/100], Step [60/75], Loss: 2.5177
2024-07-08 00:45:33,353 - Epoch [3/100], Step [70/75], Loss: 3.7688
2024-07-08 00:45:34,968 - Epoch [3/100] completed. Avg Train Loss: 2.3474
2024-07-08 00:45:41,053 - Test Loss: 4.5903, Test Accuracy: 26.88%
2024-07-08 00:45:41,053 - Starting epoch 4/100
2024-07-08 00:45:44,374 - Epoch [4/100], Step [10/75], Loss: 0.8256
2024-07-08 00:45:47,631 - Epoch [4/100], Step [20/75], Loss: 1.8546
2024-07-08 00:45:50,944 - Epoch [4/100], Step [30/75], Loss: 1.0513
2024-07-08 00:45:54,230 - Epoch [4/100], Step [40/75], Loss: 2.1228
2024-07-08 00:45:57,492 - Epoch [4/100], Step [50/75], Loss: 1.4215
2024-07-08 00:46:00,869 - Epoch [4/100], Step [60/75], Loss: 1.4632
2024-07-08 00:46:04,228 - Epoch [4/100], Step [70/75], Loss: 0.9719
2024-07-08 00:46:05,838 - Epoch [4/100] completed. Avg Train Loss: 1.4777
2024-07-08 00:47:34,067 - Starting epoch 1/100
2024-07-08 00:47:36,964 - Epoch [1/100], Step [10/75], Loss: 22.8265
2024-07-08 00:47:39,945 - Epoch [1/100], Step [20/75], Loss: 13.8296
2024-07-08 00:47:42,928 - Epoch [1/100], Step [30/75], Loss: 8.2528
2024-07-08 01:08:18,345 - Starting epoch 1/100
2024-07-08 01:08:20,384 - Epoch [1/100], Step [10/75], Loss: 12.6217
2024-07-08 01:08:22,118 - Epoch [1/100], Step [20/75], Loss: 13.0552
2024-07-08 01:08:23,855 - Epoch [1/100], Step [30/75], Loss: 8.1144
2024-07-08 01:08:25,667 - Epoch [1/100], Step [40/75], Loss: 4.6811
2024-07-08 01:08:27,466 - Epoch [1/100], Step [50/75], Loss: 4.8908
2024-07-08 01:08:29,275 - Epoch [1/100], Step [60/75], Loss: 4.2256
2024-07-08 01:08:31,301 - Epoch [1/100], Step [70/75], Loss: 4.5821
2024-07-08 01:08:32,593 - Epoch [1/100] completed. Avg Train Loss: 10.0100
2024-07-08 01:08:38,336 - Test Loss: 5.4937, Test Accuracy: 26.50%
2024-07-08 01:08:38,336 - Starting epoch 2/100
2024-07-08 01:08:40,663 - Epoch [2/100], Step [10/75], Loss: 3.8674
2024-07-08 01:08:43,105 - Epoch [2/100], Step [20/75], Loss: 2.1109
2024-07-08 01:08:45,095 - Epoch [2/100], Step [30/75], Loss: 1.6489
2024-07-08 01:08:47,477 - Epoch [2/100], Step [40/75], Loss: 3.2617
2024-07-08 01:08:50,261 - Epoch [2/100], Step [50/75], Loss: 2.7565
2024-07-08 01:08:53,080 - Epoch [2/100], Step [60/75], Loss: 3.5569
2024-07-08 01:08:55,781 - Epoch [2/100], Step [70/75], Loss: 2.7886
2024-07-08 01:08:57,124 - Epoch [2/100] completed. Avg Train Loss: 2.8176
2024-07-08 01:09:02,433 - Test Loss: 4.2054, Test Accuracy: 26.12%
2024-07-08 01:09:02,433 - Starting epoch 3/100
2024-07-08 01:09:05,167 - Epoch [3/100], Step [10/75], Loss: 1.9834
2024-07-08 01:09:07,634 - Epoch [3/100], Step [20/75], Loss: 2.3512
2024-07-08 01:09:09,523 - Epoch [3/100], Step [30/75], Loss: 3.2114
2024-07-08 01:09:11,474 - Epoch [3/100], Step [40/75], Loss: 2.2902
2024-07-08 01:09:13,709 - Epoch [3/100], Step [50/75], Loss: 2.8217
2024-07-08 01:09:16,259 - Epoch [3/100], Step [60/75], Loss: 3.0082
2024-07-08 01:09:18,851 - Epoch [3/100], Step [70/75], Loss: 1.2338
2024-07-08 01:09:19,687 - Epoch [3/100] completed. Avg Train Loss: 2.0935
2024-07-08 01:09:23,754 - Test Loss: 4.5838, Test Accuracy: 30.38%
2024-07-08 01:09:23,754 - Starting epoch 4/100
2024-07-08 01:09:26,105 - Epoch [4/100], Step [10/75], Loss: 2.2622
2024-07-08 01:09:28,416 - Epoch [4/100], Step [20/75], Loss: 1.0467
2024-07-08 01:09:30,752 - Epoch [4/100], Step [30/75], Loss: 1.1724
2024-07-08 01:09:33,114 - Epoch [4/100], Step [40/75], Loss: 1.2456
2024-07-08 01:09:35,609 - Epoch [4/100], Step [50/75], Loss: 1.6640
2024-07-08 01:09:38,022 - Epoch [4/100], Step [60/75], Loss: 1.5686
2024-07-08 01:09:40,402 - Epoch [4/100], Step [70/75], Loss: 1.5449
2024-07-08 01:09:41,256 - Epoch [4/100] completed. Avg Train Loss: 1.4679
2024-07-08 01:09:45,547 - Test Loss: 3.5305, Test Accuracy: 31.25%
2024-07-08 01:09:45,547 - Starting epoch 5/100
2024-07-08 01:09:47,283 - Epoch [5/100], Step [10/75], Loss: 1.0534
2024-07-08 01:09:48,934 - Epoch [5/100], Step [20/75], Loss: 1.3589
2024-07-08 01:09:50,703 - Epoch [5/100], Step [30/75], Loss: 1.0966
2024-07-08 01:09:52,504 - Epoch [5/100], Step [40/75], Loss: 1.1335
2024-07-08 01:09:54,422 - Epoch [5/100], Step [50/75], Loss: 0.6434
2024-07-08 01:09:56,770 - Epoch [5/100], Step [60/75], Loss: 1.2409
2024-07-08 01:09:59,113 - Epoch [5/100], Step [70/75], Loss: 1.0177
2024-07-08 01:10:00,294 - Epoch [5/100] completed. Avg Train Loss: 1.1637
2024-07-08 01:10:04,767 - Test Loss: 3.7301, Test Accuracy: 31.88%
2024-07-08 01:10:04,767 - Starting epoch 6/100
2024-07-08 01:10:07,209 - Epoch [6/100], Step [10/75], Loss: 1.1339
2024-07-08 01:10:09,482 - Epoch [6/100], Step [20/75], Loss: 1.2830
2024-07-08 01:10:11,805 - Epoch [6/100], Step [30/75], Loss: 1.2592
2024-07-08 01:10:14,107 - Epoch [6/100], Step [40/75], Loss: 0.7868
2024-07-08 01:10:16,402 - Epoch [6/100], Step [50/75], Loss: 0.9355
2024-07-08 01:10:18,715 - Epoch [6/100], Step [60/75], Loss: 0.9187
2024-07-08 01:10:21,056 - Epoch [6/100], Step [70/75], Loss: 0.9856
2024-07-08 01:10:22,209 - Epoch [6/100] completed. Avg Train Loss: 1.0977
2024-07-08 01:10:26,730 - Test Loss: 3.8812, Test Accuracy: 30.12%
2024-07-08 01:10:26,730 - Starting epoch 7/100
2024-07-08 01:10:28,535 - Epoch [7/100], Step [10/75], Loss: 0.6974
2024-07-08 01:10:30,279 - Epoch [7/100], Step [20/75], Loss: 0.6857
2024-07-08 01:10:32,227 - Epoch [7/100], Step [30/75], Loss: 1.5446
2024-07-08 01:10:34,563 - Epoch [7/100], Step [40/75], Loss: 0.8501
2024-07-08 01:10:36,941 - Epoch [7/100], Step [50/75], Loss: 1.1080
2024-07-08 01:10:39,299 - Epoch [7/100], Step [60/75], Loss: 1.1504
2024-07-08 01:10:41,700 - Epoch [7/100], Step [70/75], Loss: 1.5226
2024-07-08 01:10:43,113 - Epoch [7/100] completed. Avg Train Loss: 0.9333
2024-07-08 01:10:48,553 - Test Loss: 3.7520, Test Accuracy: 30.88%
2024-07-08 01:10:48,553 - Starting epoch 8/100
2024-07-08 01:10:50,564 - Epoch [8/100], Step [10/75], Loss: 1.4319
2024-07-08 01:10:53,270 - Epoch [8/100], Step [20/75], Loss: 0.6957
2024-07-08 01:10:56,391 - Epoch [8/100], Step [30/75], Loss: 0.8170
2024-07-08 01:10:59,062 - Epoch [8/100], Step [40/75], Loss: 1.0360
2024-07-08 01:11:01,613 - Epoch [8/100], Step [50/75], Loss: 0.8336
2024-07-08 01:11:04,570 - Epoch [8/100], Step [60/75], Loss: 0.9398
2024-07-08 01:11:07,483 - Epoch [8/100], Step [70/75], Loss: 0.7581
2024-07-08 01:11:08,559 - Epoch [8/100] completed. Avg Train Loss: 0.7916
2024-07-08 01:11:14,355 - Test Loss: 3.5917, Test Accuracy: 28.75%
2024-07-08 01:11:14,355 - Starting epoch 9/100
2024-07-08 01:11:16,972 - Epoch [9/100], Step [10/75], Loss: 0.6391
2024-07-08 01:11:19,289 - Epoch [9/100], Step [20/75], Loss: 0.6299
2024-07-08 01:11:22,121 - Epoch [9/100], Step [30/75], Loss: 0.9351
2024-07-08 01:11:25,221 - Epoch [9/100], Step [40/75], Loss: 0.3261
2024-07-08 01:11:27,985 - Epoch [9/100], Step [50/75], Loss: 0.8956
2024-07-08 01:11:30,652 - Epoch [9/100], Step [60/75], Loss: 1.3227
2024-07-08 01:11:33,151 - Epoch [9/100], Step [70/75], Loss: 1.0598
2024-07-08 01:11:34,589 - Epoch [9/100] completed. Avg Train Loss: 0.7131
2024-07-08 01:11:40,276 - Test Loss: 3.7279, Test Accuracy: 30.88%
2024-07-08 01:11:40,276 - Starting epoch 10/100
2024-07-08 01:11:43,388 - Epoch [10/100], Step [10/75], Loss: 1.1786
2024-07-08 01:11:45,783 - Epoch [10/100], Step [20/75], Loss: 0.5366
2024-07-08 01:11:48,482 - Epoch [10/100], Step [30/75], Loss: 0.7023
2024-07-08 01:11:50,841 - Epoch [10/100], Step [40/75], Loss: 0.6782
2024-07-08 01:11:53,004 - Epoch [10/100], Step [50/75], Loss: 0.4396
2024-07-08 01:11:55,493 - Epoch [10/100], Step [60/75], Loss: 0.4287
2024-07-08 01:11:58,441 - Epoch [10/100], Step [70/75], Loss: 0.7020
2024-07-08 01:11:59,825 - Epoch [10/100] completed. Avg Train Loss: 0.6649
2024-07-08 01:12:05,599 - Test Loss: 4.5142, Test Accuracy: 28.50%
2024-07-08 01:12:05,599 - Starting epoch 11/100
2024-07-08 01:12:08,140 - Epoch [11/100], Step [10/75], Loss: 0.3505
2024-07-08 01:12:10,893 - Epoch [11/100], Step [20/75], Loss: 0.2509
2024-07-08 01:12:13,752 - Epoch [11/100], Step [30/75], Loss: 0.3757
2024-07-08 01:12:16,569 - Epoch [11/100], Step [40/75], Loss: 0.4775
2024-07-08 01:12:19,392 - Epoch [11/100], Step [50/75], Loss: 0.4596
2024-07-08 01:12:22,138 - Epoch [11/100], Step [60/75], Loss: 0.6966
2024-07-08 01:12:24,995 - Epoch [11/100], Step [70/75], Loss: 0.6088
2024-07-08 01:12:26,207 - Epoch [11/100] completed. Avg Train Loss: 0.4925
2024-07-08 01:12:31,510 - Test Loss: 3.4663, Test Accuracy: 39.62%
2024-07-08 01:12:31,510 - Starting epoch 12/100
2024-07-08 01:12:34,624 - Epoch [12/100], Step [10/75], Loss: 0.3992
2024-07-08 01:12:37,456 - Epoch [12/100], Step [20/75], Loss: 0.1968
2024-07-08 01:12:39,941 - Epoch [12/100], Step [30/75], Loss: 0.4303
2024-07-08 01:12:42,324 - Epoch [12/100], Step [40/75], Loss: 0.1958
2024-07-08 01:12:45,280 - Epoch [12/100], Step [50/75], Loss: 0.5079
2024-07-08 01:12:47,572 - Epoch [12/100], Step [60/75], Loss: 0.4214
2024-07-08 01:12:49,705 - Epoch [12/100], Step [70/75], Loss: 0.3691
2024-07-08 01:12:50,913 - Epoch [12/100] completed. Avg Train Loss: 0.4011
2024-07-08 01:12:56,725 - Test Loss: 3.5436, Test Accuracy: 39.38%
2024-07-08 01:12:56,725 - Starting epoch 13/100
2024-07-08 01:13:00,433 - Epoch [13/100], Step [10/75], Loss: 0.0642
2024-07-08 01:13:03,221 - Epoch [13/100], Step [20/75], Loss: 0.3591
2024-07-08 01:13:05,542 - Epoch [13/100], Step [30/75], Loss: 0.1419
2024-07-08 01:13:07,720 - Epoch [13/100], Step [40/75], Loss: 0.1541
2024-07-08 01:13:10,288 - Epoch [13/100], Step [50/75], Loss: 0.5819
2024-07-08 01:13:13,081 - Epoch [13/100], Step [60/75], Loss: 0.4108
2024-07-08 01:13:15,293 - Epoch [13/100], Step [70/75], Loss: 0.3939
2024-07-08 01:13:16,502 - Epoch [13/100] completed. Avg Train Loss: 0.2890
2024-07-08 01:13:22,049 - Test Loss: 3.1639, Test Accuracy: 44.75%
2024-07-08 01:13:22,049 - Starting epoch 14/100
2024-07-08 01:13:24,533 - Epoch [14/100], Step [10/75], Loss: 0.2454
2024-07-08 01:13:27,151 - Epoch [14/100], Step [20/75], Loss: 0.3587
2024-07-08 01:13:29,700 - Epoch [14/100], Step [30/75], Loss: 0.4006
2024-07-08 01:13:31,499 - Epoch [14/100], Step [40/75], Loss: 0.4559
2024-07-08 01:13:33,210 - Epoch [14/100], Step [50/75], Loss: 0.0430
2024-07-08 01:13:34,983 - Epoch [14/100], Step [60/75], Loss: 0.5911
2024-07-08 01:13:36,934 - Epoch [14/100], Step [70/75], Loss: 0.2913
2024-07-08 01:13:38,126 - Epoch [14/100] completed. Avg Train Loss: 0.2902
2024-07-08 01:13:42,941 - Test Loss: 3.3636, Test Accuracy: 47.00%
2024-07-08 01:13:42,941 - Starting epoch 15/100
2024-07-08 01:13:45,264 - Epoch [15/100], Step [10/75], Loss: 0.0641
2024-07-08 01:13:47,162 - Epoch [15/100], Step [20/75], Loss: 0.2746
2024-07-08 01:13:49,048 - Epoch [15/100], Step [30/75], Loss: 0.3736
2024-07-08 01:13:51,178 - Epoch [15/100], Step [40/75], Loss: 0.0876
2024-07-08 01:13:53,649 - Epoch [15/100], Step [50/75], Loss: 0.0443
2024-07-08 01:13:56,323 - Epoch [15/100], Step [60/75], Loss: 0.1830
2024-07-08 01:13:59,117 - Epoch [15/100], Step [70/75], Loss: 0.1061
2024-07-08 01:14:00,701 - Epoch [15/100] completed. Avg Train Loss: 0.2274
2024-07-08 01:14:06,706 - Test Loss: 3.9573, Test Accuracy: 42.25%
2024-07-08 01:14:06,706 - Starting epoch 16/100
2024-07-08 01:14:09,943 - Epoch [16/100], Step [10/75], Loss: 0.0415
2024-07-08 01:14:11,967 - Epoch [16/100], Step [20/75], Loss: 0.1694
2024-07-08 01:14:14,209 - Epoch [16/100], Step [30/75], Loss: 0.3501
2024-07-08 01:14:17,078 - Epoch [16/100], Step [40/75], Loss: 0.6296
2024-07-08 01:14:19,587 - Epoch [16/100], Step [50/75], Loss: 0.1754
2024-07-08 01:14:22,037 - Epoch [16/100], Step [60/75], Loss: 0.3357
2024-07-08 01:14:24,799 - Epoch [16/100], Step [70/75], Loss: 0.1173
2024-07-08 01:14:26,160 - Epoch [16/100] completed. Avg Train Loss: 0.2261
2024-07-08 01:14:32,096 - Test Loss: 4.8200, Test Accuracy: 40.38%
2024-07-08 01:14:32,096 - Starting epoch 17/100
2024-07-08 01:14:35,125 - Epoch [17/100], Step [10/75], Loss: 0.2640
2024-07-08 01:14:37,519 - Epoch [17/100], Step [20/75], Loss: 0.2857
2024-07-08 01:14:39,526 - Epoch [17/100], Step [30/75], Loss: 0.1901
2024-07-08 01:14:41,777 - Epoch [17/100], Step [40/75], Loss: 0.2140
2024-07-08 01:14:44,445 - Epoch [17/100], Step [50/75], Loss: 0.1331
2024-07-08 01:14:47,401 - Epoch [17/100], Step [60/75], Loss: 0.2047
2024-07-08 01:14:49,524 - Epoch [17/100], Step [70/75], Loss: 0.0895
2024-07-08 01:14:50,569 - Epoch [17/100] completed. Avg Train Loss: 0.2124
2024-07-08 01:14:56,283 - Test Loss: 3.5830, Test Accuracy: 50.38%
2024-07-08 01:14:56,283 - Starting epoch 18/100
2024-07-08 01:14:58,884 - Epoch [18/100], Step [10/75], Loss: 0.1810
2024-07-08 01:15:01,051 - Epoch [18/100], Step [20/75], Loss: 0.0998
2024-07-08 01:15:03,616 - Epoch [18/100], Step [30/75], Loss: 0.4690
2024-07-08 01:15:06,467 - Epoch [18/100], Step [40/75], Loss: 0.2020
2024-07-08 01:15:08,792 - Epoch [18/100], Step [50/75], Loss: 0.0843
2024-07-08 01:15:11,451 - Epoch [18/100], Step [60/75], Loss: 0.0875
2024-07-08 01:15:14,601 - Epoch [18/100], Step [70/75], Loss: 0.1054
2024-07-08 01:15:15,904 - Epoch [18/100] completed. Avg Train Loss: 0.2209
2024-07-08 01:15:21,536 - Test Loss: 3.6994, Test Accuracy: 45.25%
2024-07-08 01:15:21,536 - Starting epoch 19/100
2024-07-08 01:15:24,449 - Epoch [19/100], Step [10/75], Loss: 0.1191
2024-07-08 01:15:26,911 - Epoch [19/100], Step [20/75], Loss: 0.1036
2024-07-08 01:15:29,803 - Epoch [19/100], Step [30/75], Loss: 0.2326
2024-07-08 01:15:32,730 - Epoch [19/100], Step [40/75], Loss: 0.2526
2024-07-08 01:15:35,781 - Epoch [19/100], Step [50/75], Loss: 0.1476
2024-07-08 01:15:38,034 - Epoch [19/100], Step [60/75], Loss: 0.1897
2024-07-08 01:15:40,354 - Epoch [19/100], Step [70/75], Loss: 0.1297
2024-07-08 01:15:41,825 - Epoch [19/100] completed. Avg Train Loss: 0.1992
2024-07-08 01:15:47,900 - Test Loss: 4.4225, Test Accuracy: 44.50%
2024-07-08 01:15:47,900 - Starting epoch 20/100
2024-07-08 01:15:50,317 - Epoch [20/100], Step [10/75], Loss: 0.3767
2024-07-08 01:15:52,993 - Epoch [20/100], Step [20/75], Loss: 0.2323
2024-07-08 01:15:55,968 - Epoch [20/100], Step [30/75], Loss: 0.0572
2024-07-08 01:15:58,921 - Epoch [20/100], Step [40/75], Loss: 0.1028
2024-07-08 01:16:01,766 - Epoch [20/100], Step [50/75], Loss: 0.0353
2024-07-08 01:16:04,670 - Epoch [20/100], Step [60/75], Loss: 0.1539
2024-07-08 01:16:07,322 - Epoch [20/100], Step [70/75], Loss: 0.0218
2024-07-08 01:16:08,802 - Epoch [20/100] completed. Avg Train Loss: 0.1470
2024-07-08 01:16:14,507 - Test Loss: 3.3490, Test Accuracy: 51.38%
2024-07-08 01:16:14,508 - Starting epoch 21/100
2024-07-08 01:16:17,501 - Epoch [21/100], Step [10/75], Loss: 0.0065
2024-07-08 01:16:20,181 - Epoch [21/100], Step [20/75], Loss: 0.0521
2024-07-08 01:16:22,318 - Epoch [21/100], Step [30/75], Loss: 0.1144
2024-07-08 01:16:24,441 - Epoch [21/100], Step [40/75], Loss: 0.0489
2024-07-08 01:16:26,809 - Epoch [21/100], Step [50/75], Loss: 0.2119
2024-07-08 01:16:29,273 - Epoch [21/100], Step [60/75], Loss: 0.1657
2024-07-08 01:16:31,679 - Epoch [21/100], Step [70/75], Loss: 0.1238
2024-07-08 01:16:32,526 - Epoch [21/100] completed. Avg Train Loss: 0.1461
2024-07-08 01:16:36,877 - Test Loss: 3.6184, Test Accuracy: 48.12%
2024-07-08 01:16:36,877 - Starting epoch 22/100
2024-07-08 01:16:39,863 - Epoch [22/100], Step [10/75], Loss: 0.2203
2024-07-08 01:16:42,498 - Epoch [22/100], Step [20/75], Loss: 0.2200
2024-07-08 01:16:44,885 - Epoch [22/100], Step [30/75], Loss: 0.0134
2024-07-08 01:16:47,906 - Epoch [22/100], Step [40/75], Loss: 0.1794
2024-07-08 01:16:50,143 - Epoch [22/100], Step [50/75], Loss: 0.3258
2024-07-08 01:16:52,909 - Epoch [22/100], Step [60/75], Loss: 0.0924
2024-07-08 01:16:55,708 - Epoch [22/100], Step [70/75], Loss: 0.2454
2024-07-08 01:16:56,892 - Epoch [22/100] completed. Avg Train Loss: 0.1335
2024-07-08 01:17:02,552 - Test Loss: 3.4436, Test Accuracy: 55.88%
2024-07-08 01:17:02,553 - Starting epoch 23/100
2024-07-08 01:17:04,925 - Epoch [23/100], Step [10/75], Loss: 0.0609
2024-07-08 01:17:07,788 - Epoch [23/100], Step [20/75], Loss: 0.0296
2024-07-08 01:17:10,640 - Epoch [23/100], Step [30/75], Loss: 0.0965
2024-07-08 01:17:13,214 - Epoch [23/100], Step [40/75], Loss: 0.0278
2024-07-08 01:17:15,989 - Epoch [23/100], Step [50/75], Loss: 0.1855
2024-07-08 01:17:18,968 - Epoch [23/100], Step [60/75], Loss: 0.2275
2024-07-08 01:17:21,765 - Epoch [23/100], Step [70/75], Loss: 0.0425
2024-07-08 01:17:23,143 - Epoch [23/100] completed. Avg Train Loss: 0.0982
2024-07-08 01:17:28,872 - Test Loss: 2.9930, Test Accuracy: 56.88%
2024-07-08 01:17:28,872 - Starting epoch 24/100
2024-07-08 01:17:32,208 - Epoch [24/100], Step [10/75], Loss: 0.3071
2024-07-08 01:17:35,071 - Epoch [24/100], Step [20/75], Loss: 0.1990
2024-07-08 01:17:37,228 - Epoch [24/100], Step [30/75], Loss: 0.0262
2024-07-08 01:17:39,530 - Epoch [24/100], Step [40/75], Loss: 0.0521
2024-07-08 01:17:42,207 - Epoch [24/100], Step [50/75], Loss: 0.2383
2024-07-08 01:17:45,096 - Epoch [24/100], Step [60/75], Loss: 0.1170
2024-07-08 01:17:47,501 - Epoch [24/100], Step [70/75], Loss: 0.0269
2024-07-08 01:17:48,889 - Epoch [24/100] completed. Avg Train Loss: 0.1442
2024-07-08 01:17:54,594 - Test Loss: 3.5990, Test Accuracy: 53.62%
2024-07-08 01:17:54,594 - Starting epoch 25/100
2024-07-08 01:17:56,952 - Epoch [25/100], Step [10/75], Loss: 0.0779
2024-07-08 01:17:58,964 - Epoch [25/100], Step [20/75], Loss: 0.0537
2024-07-08 01:18:01,167 - Epoch [25/100], Step [30/75], Loss: 0.0213
2024-07-08 01:18:03,874 - Epoch [25/100], Step [40/75], Loss: 0.0138
2024-07-08 01:18:06,402 - Epoch [25/100], Step [50/75], Loss: 0.0817
2024-07-08 01:18:08,092 - Epoch [25/100], Step [60/75], Loss: 0.0083
2024-07-08 01:18:09,903 - Epoch [25/100], Step [70/75], Loss: 0.0625
2024-07-08 01:18:10,894 - Epoch [25/100] completed. Avg Train Loss: 0.0621
2024-07-08 01:18:15,776 - Test Loss: 3.7633, Test Accuracy: 54.88%
2024-07-08 01:18:15,776 - Starting epoch 26/100
2024-07-08 01:18:17,760 - Epoch [26/100], Step [10/75], Loss: 0.0004
2024-07-08 01:18:19,587 - Epoch [26/100], Step [20/75], Loss: 0.0851
2024-07-08 01:18:21,458 - Epoch [26/100], Step [30/75], Loss: 0.0338
2024-07-08 01:18:23,658 - Epoch [26/100], Step [40/75], Loss: 0.1013
2024-07-08 01:18:25,991 - Epoch [26/100], Step [50/75], Loss: 0.0030
2024-07-08 01:18:28,478 - Epoch [26/100], Step [60/75], Loss: 0.1022
2024-07-08 01:18:30,757 - Epoch [26/100], Step [70/75], Loss: 0.1784
2024-07-08 01:18:31,585 - Epoch [26/100] completed. Avg Train Loss: 0.1175
2024-07-08 01:18:35,828 - Test Loss: 3.3203, Test Accuracy: 55.88%
2024-07-08 01:18:35,829 - Starting epoch 27/100
2024-07-08 01:18:38,346 - Epoch [27/100], Step [10/75], Loss: 0.0477
2024-07-08 01:18:40,639 - Epoch [27/100], Step [20/75], Loss: 0.0370
2024-07-08 01:18:43,152 - Epoch [27/100], Step [30/75], Loss: 0.0076
2024-07-08 01:18:45,425 - Epoch [27/100], Step [40/75], Loss: 0.1144
2024-07-08 01:18:47,815 - Epoch [27/100], Step [50/75], Loss: 0.0077
2024-07-08 01:18:49,917 - Epoch [27/100], Step [60/75], Loss: 0.0048
2024-07-08 01:18:51,626 - Epoch [27/100], Step [70/75], Loss: 0.1223
2024-07-08 01:18:52,592 - Epoch [27/100] completed. Avg Train Loss: 0.1099
2024-07-08 01:18:57,178 - Test Loss: 4.4202, Test Accuracy: 47.75%
2024-07-08 01:18:57,178 - Starting epoch 28/100
2024-07-08 01:18:58,936 - Epoch [28/100], Step [10/75], Loss: 0.2401
2024-07-08 01:19:00,640 - Epoch [28/100], Step [20/75], Loss: 0.0084
2024-07-08 01:19:02,807 - Epoch [28/100], Step [30/75], Loss: 0.1024
2024-07-08 01:19:05,382 - Epoch [28/100], Step [40/75], Loss: 0.1193
2024-07-08 01:19:08,018 - Epoch [28/100], Step [50/75], Loss: 0.0405
2024-07-08 01:19:10,133 - Epoch [28/100], Step [60/75], Loss: 0.1269
2024-07-08 01:19:12,692 - Epoch [28/100], Step [70/75], Loss: 0.1006
2024-07-08 01:19:14,183 - Epoch [28/100] completed. Avg Train Loss: 0.0825
2024-07-08 01:19:19,812 - Test Loss: 4.1373, Test Accuracy: 49.88%
2024-07-08 01:19:19,812 - Starting epoch 29/100
2024-07-08 01:19:22,919 - Epoch [29/100], Step [10/75], Loss: 0.1843
2024-07-08 01:19:25,460 - Epoch [29/100], Step [20/75], Loss: 0.2468
2024-07-08 01:19:28,456 - Epoch [29/100], Step [30/75], Loss: 0.1970
2024-07-08 01:19:30,873 - Epoch [29/100], Step [40/75], Loss: 0.0572
2024-07-08 01:19:33,363 - Epoch [29/100], Step [50/75], Loss: 0.9586
2024-07-08 01:19:36,251 - Epoch [29/100], Step [60/75], Loss: 0.0051
2024-07-08 01:19:38,745 - Epoch [29/100], Step [70/75], Loss: 0.1679
2024-07-08 01:19:39,878 - Epoch [29/100] completed. Avg Train Loss: 0.1040
2024-07-08 01:19:45,535 - Test Loss: 4.0712, Test Accuracy: 50.62%
2024-07-08 01:19:45,535 - Starting epoch 30/100
2024-07-08 01:19:47,968 - Epoch [30/100], Step [10/75], Loss: 0.3286
2024-07-08 01:19:50,196 - Epoch [30/100], Step [20/75], Loss: 0.0204
2024-07-08 01:19:52,687 - Epoch [30/100], Step [30/75], Loss: 0.0003
2024-07-08 01:19:55,378 - Epoch [30/100], Step [40/75], Loss: 0.1058
2024-07-08 01:19:58,388 - Epoch [30/100], Step [50/75], Loss: 0.0504
2024-07-08 01:20:01,294 - Epoch [30/100], Step [60/75], Loss: 0.0120
2024-07-08 01:20:03,982 - Epoch [30/100], Step [70/75], Loss: 0.0744
2024-07-08 01:20:05,444 - Epoch [30/100] completed. Avg Train Loss: 0.0842
2024-07-08 01:20:11,132 - Test Loss: 4.8464, Test Accuracy: 53.12%
2024-07-08 01:20:11,133 - Starting epoch 31/100
2024-07-08 01:20:13,304 - Epoch [31/100], Step [10/75], Loss: 0.1390
2024-07-08 01:20:15,501 - Epoch [31/100], Step [20/75], Loss: 0.0772
2024-07-08 01:20:18,137 - Epoch [31/100], Step [30/75], Loss: 0.1813
2024-07-08 01:20:21,078 - Epoch [31/100], Step [40/75], Loss: 0.0063
2024-07-08 01:20:23,411 - Epoch [31/100], Step [50/75], Loss: 0.0182
2024-07-08 01:20:26,164 - Epoch [31/100], Step [60/75], Loss: 0.0164
2024-07-08 01:20:28,798 - Epoch [31/100], Step [70/75], Loss: 0.0680
2024-07-08 01:20:29,914 - Epoch [31/100] completed. Avg Train Loss: 0.0889
2024-07-08 01:20:35,227 - Test Loss: 3.8049, Test Accuracy: 54.12%
2024-07-08 01:20:35,227 - Starting epoch 32/100
2024-07-08 01:20:38,174 - Epoch [32/100], Step [10/75], Loss: 0.0069
2024-07-08 01:20:41,006 - Epoch [32/100], Step [20/75], Loss: 0.1721
2024-07-08 01:20:43,855 - Epoch [32/100], Step [30/75], Loss: 0.0974
2024-07-08 01:20:46,126 - Epoch [32/100], Step [40/75], Loss: 0.0093
2024-07-08 01:20:48,872 - Epoch [32/100], Step [50/75], Loss: 0.0194
2024-07-08 01:20:51,101 - Epoch [32/100], Step [60/75], Loss: 0.0220
2024-07-08 01:20:53,287 - Epoch [32/100], Step [70/75], Loss: 0.0057
2024-07-08 01:20:54,410 - Epoch [32/100] completed. Avg Train Loss: 0.0777
2024-07-08 01:21:00,103 - Test Loss: 5.2733, Test Accuracy: 50.75%
2024-07-08 01:21:00,103 - Starting epoch 33/100
2024-07-08 01:21:02,229 - Epoch [33/100], Step [10/75], Loss: 0.0023
2024-07-08 01:21:04,927 - Epoch [33/100], Step [20/75], Loss: 0.1576
2024-07-08 01:21:07,600 - Epoch [33/100], Step [30/75], Loss: 0.0494
2024-07-08 01:21:10,460 - Epoch [33/100], Step [40/75], Loss: 0.0254
2024-07-08 01:21:13,247 - Epoch [33/100], Step [50/75], Loss: 0.3050
2024-07-08 01:21:15,231 - Epoch [33/100], Step [60/75], Loss: 0.0523
2024-07-08 01:21:17,192 - Epoch [33/100], Step [70/75], Loss: 0.0087
2024-07-08 01:21:18,548 - Epoch [33/100] completed. Avg Train Loss: 0.1427
2024-07-08 01:21:24,193 - Test Loss: 3.3083, Test Accuracy: 57.12%
2024-07-08 01:21:24,193 - Starting epoch 34/100
2024-07-08 01:21:26,701 - Epoch [34/100], Step [10/75], Loss: 0.1157
2024-07-08 01:21:28,785 - Epoch [34/100], Step [20/75], Loss: 0.3133
2024-07-08 01:21:31,122 - Epoch [34/100], Step [30/75], Loss: 0.1790
2024-07-08 01:21:33,938 - Epoch [34/100], Step [40/75], Loss: 0.0243
2024-07-08 01:21:36,348 - Epoch [34/100], Step [50/75], Loss: 0.0723
2024-07-08 01:21:38,505 - Epoch [34/100], Step [60/75], Loss: 0.2338
2024-07-08 01:21:40,771 - Epoch [34/100], Step [70/75], Loss: 0.1780
2024-07-08 01:21:42,157 - Epoch [34/100] completed. Avg Train Loss: 0.1086
2024-07-08 01:21:47,543 - Test Loss: 4.4831, Test Accuracy: 58.12%
2024-07-08 01:21:47,543 - Starting epoch 35/100
2024-07-08 01:21:49,897 - Epoch [35/100], Step [10/75], Loss: 0.0276
2024-07-08 01:21:52,099 - Epoch [35/100], Step [20/75], Loss: 0.0056
2024-07-08 01:21:54,878 - Epoch [35/100], Step [30/75], Loss: 0.0069
2024-07-08 01:21:57,414 - Epoch [35/100], Step [40/75], Loss: 0.0354
2024-07-08 01:21:59,595 - Epoch [35/100], Step [50/75], Loss: 0.0008
2024-07-08 01:22:01,809 - Epoch [35/100], Step [60/75], Loss: 0.0092
2024-07-08 01:22:04,520 - Epoch [35/100], Step [70/75], Loss: 0.0781
2024-07-08 01:22:05,847 - Epoch [35/100] completed. Avg Train Loss: 0.0486
2024-07-08 01:22:11,553 - Test Loss: 3.7669, Test Accuracy: 56.25%
2024-07-08 01:22:11,554 - Starting epoch 36/100
2024-07-08 01:22:13,999 - Epoch [36/100], Step [10/75], Loss: 0.0214
2024-07-08 01:22:16,069 - Epoch [36/100], Step [20/75], Loss: 0.0003
2024-07-08 01:22:18,399 - Epoch [36/100], Step [30/75], Loss: 0.0280
2024-07-08 01:22:21,213 - Epoch [36/100], Step [40/75], Loss: 0.0248
2024-07-08 01:22:23,973 - Epoch [36/100], Step [50/75], Loss: 0.0036
2024-07-08 01:22:26,000 - Epoch [36/100], Step [60/75], Loss: 0.0041
2024-07-08 01:22:28,225 - Epoch [36/100], Step [70/75], Loss: 0.0120
2024-07-08 01:22:29,535 - Epoch [36/100] completed. Avg Train Loss: 0.0594
2024-07-08 01:22:35,143 - Test Loss: 4.0994, Test Accuracy: 59.00%
2024-07-08 01:22:35,143 - Starting epoch 37/100
2024-07-08 01:22:37,455 - Epoch [37/100], Step [10/75], Loss: 0.0346
2024-07-08 01:22:40,183 - Epoch [37/100], Step [20/75], Loss: 0.0693
2024-07-08 01:22:42,815 - Epoch [37/100], Step [30/75], Loss: 0.0207
2024-07-08 01:22:44,785 - Epoch [37/100], Step [40/75], Loss: 0.0170
2024-07-08 01:22:47,100 - Epoch [37/100], Step [50/75], Loss: 0.0349
2024-07-08 01:22:49,687 - Epoch [37/100], Step [60/75], Loss: 0.0024
2024-07-08 01:22:52,707 - Epoch [37/100], Step [70/75], Loss: 0.1900
2024-07-08 01:22:54,125 - Epoch [37/100] completed. Avg Train Loss: 0.0528
2024-07-08 01:22:59,577 - Test Loss: 3.5418, Test Accuracy: 61.38%
2024-07-08 01:22:59,577 - Starting epoch 38/100
2024-07-08 01:23:02,602 - Epoch [38/100], Step [10/75], Loss: 0.1130
2024-07-08 01:23:05,337 - Epoch [38/100], Step [20/75], Loss: 0.0548
2024-07-08 01:23:07,970 - Epoch [38/100], Step [30/75], Loss: 0.2332
2024-07-08 01:23:10,656 - Epoch [38/100], Step [40/75], Loss: 0.0638
2024-07-08 01:23:13,252 - Epoch [38/100], Step [50/75], Loss: 0.0001
2024-07-08 01:23:16,004 - Epoch [38/100], Step [60/75], Loss: 0.0002
2024-07-08 01:23:18,836 - Epoch [38/100], Step [70/75], Loss: 0.0253
2024-07-08 01:23:20,216 - Epoch [38/100] completed. Avg Train Loss: 0.0333
2024-07-08 01:23:25,609 - Test Loss: 3.2511, Test Accuracy: 63.75%
2024-07-08 01:23:25,609 - Starting epoch 39/100
2024-07-08 01:23:27,775 - Epoch [39/100], Step [10/75], Loss: 0.0055
2024-07-08 01:23:29,889 - Epoch [39/100], Step [20/75], Loss: 0.0041
2024-07-08 01:23:32,613 - Epoch [39/100], Step [30/75], Loss: 0.0008
2024-07-08 01:23:35,601 - Epoch [39/100], Step [40/75], Loss: 0.0019
2024-07-08 01:23:37,740 - Epoch [39/100], Step [50/75], Loss: 0.0553
2024-07-08 01:23:40,034 - Epoch [39/100], Step [60/75], Loss: 0.0043
2024-07-08 01:23:42,958 - Epoch [39/100], Step [70/75], Loss: 0.0018
2024-07-08 01:23:44,347 - Epoch [39/100] completed. Avg Train Loss: 0.0262
2024-07-08 01:23:49,956 - Test Loss: 3.7805, Test Accuracy: 63.00%
2024-07-08 01:23:49,956 - Starting epoch 40/100
2024-07-08 01:23:53,090 - Epoch [40/100], Step [10/75], Loss: 0.0008
2024-07-08 01:23:55,879 - Epoch [40/100], Step [20/75], Loss: 0.0000
2024-07-08 01:23:58,500 - Epoch [40/100], Step [30/75], Loss: 0.0324
2024-07-08 01:24:00,756 - Epoch [40/100], Step [40/75], Loss: 0.0910
2024-07-08 01:24:03,068 - Epoch [40/100], Step [50/75], Loss: 0.0054
2024-07-08 01:24:06,003 - Epoch [40/100], Step [60/75], Loss: 0.0998
2024-07-08 01:24:08,237 - Epoch [40/100], Step [70/75], Loss: 0.0004
2024-07-08 01:24:09,332 - Epoch [40/100] completed. Avg Train Loss: 0.0234
2024-07-08 01:24:14,900 - Test Loss: 4.1054, Test Accuracy: 61.12%
2024-07-08 01:24:14,900 - Starting epoch 41/100
2024-07-08 01:24:18,153 - Epoch [41/100], Step [10/75], Loss: 0.0000
2024-07-08 01:24:20,985 - Epoch [41/100], Step [20/75], Loss: 0.0006
2024-07-08 01:24:23,737 - Epoch [41/100], Step [30/75], Loss: 0.0073
2024-07-08 01:24:26,583 - Epoch [41/100], Step [40/75], Loss: 0.0006
2024-07-08 01:24:29,410 - Epoch [41/100], Step [50/75], Loss: 0.0068
2024-07-08 01:24:32,235 - Epoch [41/100], Step [60/75], Loss: 0.0790
2024-07-08 01:24:35,081 - Epoch [41/100], Step [70/75], Loss: 0.0013
2024-07-08 01:24:36,443 - Epoch [41/100] completed. Avg Train Loss: 0.0169
2024-07-08 01:24:42,335 - Test Loss: 4.6157, Test Accuracy: 52.88%
2024-07-08 01:24:42,335 - Starting epoch 42/100
2024-07-08 01:24:45,321 - Epoch [42/100], Step [10/75], Loss: 0.1567
2024-07-08 01:24:47,754 - Epoch [42/100], Step [20/75], Loss: 0.0031
2024-07-08 01:24:50,389 - Epoch [42/100], Step [30/75], Loss: 0.0013
2024-07-08 01:24:53,293 - Epoch [42/100], Step [40/75], Loss: 0.0020
2024-07-08 01:24:56,014 - Epoch [42/100], Step [50/75], Loss: 0.0108
2024-07-08 01:24:58,119 - Epoch [42/100], Step [60/75], Loss: 0.0194
2024-07-08 01:25:00,329 - Epoch [42/100], Step [70/75], Loss: 0.0032
2024-07-08 01:25:01,609 - Epoch [42/100] completed. Avg Train Loss: 0.0427
2024-07-08 01:25:07,093 - Test Loss: 4.1979, Test Accuracy: 58.25%
2024-07-08 01:25:07,093 - Starting epoch 43/100
2024-07-08 01:25:09,606 - Epoch [43/100], Step [10/75], Loss: 0.0847
2024-07-08 01:25:12,233 - Epoch [43/100], Step [20/75], Loss: 0.0022
2024-07-08 01:25:15,073 - Epoch [43/100], Step [30/75], Loss: 0.0024
2024-07-08 01:25:17,935 - Epoch [43/100], Step [40/75], Loss: 0.0893
2024-07-08 01:25:20,788 - Epoch [43/100], Step [50/75], Loss: 0.0016
2024-07-08 01:25:23,453 - Epoch [43/100], Step [60/75], Loss: 0.0029
2024-07-08 01:25:26,291 - Epoch [43/100], Step [70/75], Loss: 0.0009
2024-07-08 01:25:27,635 - Epoch [43/100] completed. Avg Train Loss: 0.0573
2024-07-08 01:25:33,380 - Test Loss: 3.1139, Test Accuracy: 59.88%
2024-07-08 01:25:33,380 - Starting epoch 44/100
2024-07-08 01:25:35,647 - Epoch [44/100], Step [10/75], Loss: 0.0733
2024-07-08 01:25:38,027 - Epoch [44/100], Step [20/75], Loss: 0.0324
2024-07-08 01:25:41,012 - Epoch [44/100], Step [30/75], Loss: 0.0736
2024-07-08 01:25:44,145 - Epoch [44/100], Step [40/75], Loss: 0.0009
2024-07-08 01:25:46,741 - Epoch [44/100], Step [50/75], Loss: 0.1150
2024-07-08 01:25:49,617 - Epoch [44/100], Step [60/75], Loss: 0.0734
2024-07-08 01:25:52,584 - Epoch [44/100], Step [70/75], Loss: 0.0107
2024-07-08 01:25:53,925 - Epoch [44/100] completed. Avg Train Loss: 0.0789
2024-07-08 01:25:59,688 - Test Loss: 3.6255, Test Accuracy: 60.12%
2024-07-08 01:25:59,689 - Starting epoch 45/100
2024-07-08 01:26:02,231 - Epoch [45/100], Step [10/75], Loss: 0.2166
2024-07-08 01:26:04,293 - Epoch [45/100], Step [20/75], Loss: 0.0264
2024-07-08 01:26:06,961 - Epoch [45/100], Step [30/75], Loss: 0.0904
2024-07-08 01:26:09,785 - Epoch [45/100], Step [40/75], Loss: 0.0344
2024-07-08 01:26:11,895 - Epoch [45/100], Step [50/75], Loss: 0.0060
2024-07-08 01:26:14,344 - Epoch [45/100], Step [60/75], Loss: 0.0121
2024-07-08 01:26:17,162 - Epoch [45/100], Step [70/75], Loss: 0.0421
2024-07-08 01:26:18,646 - Epoch [45/100] completed. Avg Train Loss: 0.0906
2024-07-08 01:26:24,389 - Test Loss: 3.3975, Test Accuracy: 66.38%
2024-07-08 01:26:24,389 - Starting epoch 46/100
2024-07-08 01:26:26,579 - Epoch [46/100], Step [10/75], Loss: 0.0002
2024-07-08 01:26:28,868 - Epoch [46/100], Step [20/75], Loss: 0.0005
2024-07-08 01:26:31,462 - Epoch [46/100], Step [30/75], Loss: 0.0002
2024-07-08 01:26:34,560 - Epoch [46/100], Step [40/75], Loss: 0.0064
